<?xml version="1.0" encoding="UTF-8"?>
<!-- Generated by org.testng.reporters.JUnitXMLReporter -->
<testsuite hostname="srihith-PC" ignored="0" name="test" tests="1" failures="0" timestamp="2020-08-13T00:59:15 EDT" time="5.318" errors="0">
  <testcase name="@BeforeClass setup" time="5.237" classname="com.nopcommerce.tesBase.BaseClass">
    <failure type="org.openqa.selenium.SessionNotCreatedException" message="session not created: This version of MSEdgeDriver only supports MSEdge version 86
Build info: version: &amp;apos;4.0.0-alpha-6&amp;apos;, revision: &amp;apos;5f43a29cfc&amp;apos;
System info: host: &amp;apos;SRIHITH-PC&amp;apos;, ip: &amp;apos;192.168.42.1&amp;apos;, os.name: &amp;apos;Windows 7&amp;apos;, os.arch: &amp;apos;amd64&amp;apos;, os.version: &amp;apos;6.1&amp;apos;, java.version: &amp;apos;1.8.0_251&amp;apos;
Driver info: driver.version: EdgeDriver
remote stacktrace: Backtrace:
	Ordinal0 [0x000000014015B302+4109058]
	Ordinal0 [0x0000000140034DC9+2903497]
	Ordinal0 [0x000000013FEA1397+1250199]
	Ordinal0 [0x000000013FDF515A+545114]
	Ordinal0 [0x000000013FDF0A40+526912]
	Ordinal0 [0x000000013FDEC1FC+508412]
	Ordinal0 [0x000000013FE1D583+710019]
	Ordinal0 [0x000000013FE1B31F+701215]
	Ordinal0 [0x000000013FDF75F3+554483]
	Ordinal0 [0x000000013FDF838B+557963]
	Ordinal0 [0x0000000140051F4D+3022669]
	GetHandleVerifier [0x00000001402A1919+1215081]
	GetHandleVerifier [0x00000001402B3881+1288657]
	GetHandleVerifier [0x00000001402A2299+1217513]
	Ordinal0 [0x0000000140045431+2970673]
	Ordinal0 [0x0000000140053E29+3030569]
	Ordinal0 [0x0000000140068868+3115112]
	BaseThreadInitThunk [0x00000000777D556D+13]
	RtlUserThreadStart [0x000000007793385D+29]
">
      <![CDATA[org.openqa.selenium.SessionNotCreatedException: session not created: This version of MSEdgeDriver only supports MSEdge version 86
Build info: version: '4.0.0-alpha-6', revision: '5f43a29cfc'
System info: host: 'SRIHITH-PC', ip: '192.168.42.1', os.name: 'Windows 7', os.arch: 'amd64', os.version: '6.1', java.version: '1.8.0_251'
Driver info: driver.version: EdgeDriver
remote stacktrace: Backtrace:
Ordinal0 [0x000000014015B302+4109058]
Ordinal0 [0x0000000140034DC9+2903497]
Ordinal0 [0x000000013FEA1397+1250199]
Ordinal0 [0x000000013FDF515A+545114]
Ordinal0 [0x000000013FDF0A40+526912]
Ordinal0 [0x000000013FDEC1FC+508412]
Ordinal0 [0x000000013FE1D583+710019]
Ordinal0 [0x000000013FE1B31F+701215]
Ordinal0 [0x000000013FDF75F3+554483]
Ordinal0 [0x000000013FDF838B+557963]
Ordinal0 [0x0000000140051F4D+3022669]
GetHandleVerifier [0x00000001402A1919+1215081]
GetHandleVerifier [0x00000001402B3881+1288657]
GetHandleVerifier [0x00000001402A2299+1217513]
Ordinal0 [0x0000000140045431+2970673]
Ordinal0 [0x0000000140053E29+3030569]
Ordinal0 [0x0000000140068868+3115112]
BaseThreadInitThunk [0x00000000777D556D+13]
RtlUserThreadStart [0x000000007793385D+29]

at org.openqa.selenium.remote.W3CHandshakeResponse.lambda$errorHandler$0(W3CHandshakeResponse.java:62)
at org.openqa.selenium.remote.HandshakeResponse.lambda$getResponseFunction$0(HandshakeResponse.java:30)
at org.openqa.selenium.remote.ProtocolHandshake.lambda$createSession$1(ProtocolHandshake.java:126)
at java.util.stream.ReferencePipeline$3$1.accept(Unknown Source)
at java.util.Spliterators$ArraySpliterator.tryAdvance(Unknown Source)
at java.util.stream.ReferencePipeline.forEachWithCancel(Unknown Source)
at java.util.stream.AbstractPipeline.copyIntoWithCancel(Unknown Source)
at java.util.stream.AbstractPipeline.copyInto(Unknown Source)
at java.util.stream.AbstractPipeline.wrapAndCopyInto(Unknown Source)
at java.util.stream.FindOps$FindOp.evaluateSequential(Unknown Source)
at java.util.stream.AbstractPipeline.evaluate(Unknown Source)
at java.util.stream.ReferencePipeline.findFirst(Unknown Source)
at org.openqa.selenium.remote.ProtocolHandshake.createSession(ProtocolHandshake.java:128)
at org.openqa.selenium.remote.ProtocolHandshake.createSession(ProtocolHandshake.java:75)
at org.openqa.selenium.remote.HttpCommandExecutor.execute(HttpCommandExecutor.java:138)
at org.openqa.selenium.remote.service.DriverCommandExecutor.execute(DriverCommandExecutor.java:83)
at org.openqa.selenium.remote.RemoteWebDriver.execute(RemoteWebDriver.java:582)
at org.openqa.selenium.remote.RemoteWebDriver.startSession(RemoteWebDriver.java:216)
at org.openqa.selenium.remote.RemoteWebDriver.<init>(RemoteWebDriver.java:136)
at org.openqa.selenium.chromium.ChromiumDriver.<init>(ChromiumDriver.java:75)
at org.openqa.selenium.edge.EdgeDriver.<init>(EdgeDriver.java:111)
at org.openqa.selenium.edge.EdgeDriver.<init>(EdgeDriver.java:103)
at org.openqa.selenium.edge.EdgeDriver.<init>(EdgeDriver.java:100)
at com.nopcommerce.tesBase.BaseClass.setup(BaseClass.java:48)
at java.util.ArrayList.forEach(Unknown Source)
... Removed 29 stack frames]]>
    </failure>
  </testcase> <!-- @BeforeClass setup -->
  <testcase name="@AfterClass teardown" time="-1.597294755214E9" classname="com.nopcommerce.tesBase.BaseClass">
    <skipped/>
  </testcase> <!-- @AfterClass teardown -->
  <testcase name="logintest" time="0.0" classname="com.nopcommerce.testCases.TC_LoginTest_001">
    <skipped/>
  </testcase> <!-- logintest -->
</testsuite> <!-- test -->
